<?xml version="1.0" encoding="UTF-8"?>
<!-- Generated by org.testng.reporters.JUnitReportReporter -->
<testsuite skipped="0" hostname="BUK30LAP4001083" name="ODIN_REQUEST_PROCESSOR_APITEST.RequestProcessorTestMarius" tests="4" failures="0" timestamp="05 Mar 2020 12:03:37 GMT" time="6.822" errors="0">
  <testcase name="test1" time="2.290" classname="ODIN_REQUEST_PROCESSOR_APITEST.RequestProcessorTestMarius"/>
  <testcase name="test2" time="3.046" classname="ODIN_REQUEST_PROCESSOR_APITEST.RequestProcessorTestMarius"/>
  <testcase name="test5" time="0.735" classname="ODIN_REQUEST_PROCESSOR_APITEST.RequestProcessorTestMarius"/>
  <testcase name="test6" time="0.751" classname="ODIN_REQUEST_PROCESSOR_APITEST.RequestProcessorTestMarius"/>
</testsuite> <!-- ODIN_REQUEST_PROCESSOR_APITEST.RequestProcessorTestMarius -->
