<?xml version="1.0" encoding="UTF-8"?>
<!-- Generated by org.testng.reporters.JUnitReportReporter -->
<testsuite skipped="0" hostname="BUK30LAP4001083" name="ODIN_REQUEST_PROCESSOR_APITEST.RequestProcessorTestMarius" tests="3" failures="0" timestamp="17 Mar 2020 18:49:51 GMT" time="8.832" errors="0">
  <testcase name="test1" time="6.488" classname="ODIN_REQUEST_PROCESSOR_APITEST.RequestProcessorTestMarius"/>
  <testcase name="test2" time="1.365" classname="ODIN_REQUEST_PROCESSOR_APITEST.RequestProcessorTestMarius"/>
  <testcase name="test3" time="0.979" classname="ODIN_REQUEST_PROCESSOR_APITEST.RequestProcessorTestMarius"/>
</testsuite> <!-- ODIN_REQUEST_PROCESSOR_APITEST.RequestProcessorTestMarius -->
